<?xml version="1.0" encoding="UTF-8"?>
<!-- Generated by org.testng.reporters.JUnitReportReporter -->
<testsuite skipped="0" hostname="Namokar-PC" name="com.metacube.testautomation.TestNG_LoginCheck" tests="2" failures="0" timestamp="11 Oct 2017 15:45:24 GMT" time="13.382" errors="0">
  <testcase name="testCreateAccount" time="8.158" classname="com.metacube.testautomation.TestNG_LoginCheck"/>
  <testcase name="testForgotPassword" time="5.224" classname="com.metacube.testautomation.TestNG_LoginCheck"/>
</testsuite> <!-- com.metacube.testautomation.TestNG_LoginCheck -->
