<?xml version="1.0" encoding="UTF-8"?>
<!-- Generated by org.testng.reporters.JUnitReportReporter -->
<testsuite skipped="0" hostname="User15-PC" name="selenium_day_1.TestNG_Demo_1" tests="1" failures="0" timestamp="10 Oct 2017 10:31:39 GMT" time="3.873" errors="0">
  <testcase name="f" time="3.873" classname="selenium_day_1.TestNG_Demo_1"/>
</testsuite> <!-- selenium_day_1.TestNG_Demo_1 -->
