<?xml version="1.0" encoding="UTF-8"?>
<!-- Generated by org.testng.reporters.JUnitReportReporter -->
<testsuite skipped="0" hostname="Namokar-PC" name="com.metacube.testautomation.TestWebPage" tests="2" failures="0" timestamp="11 Oct 2017 15:51:45 GMT" time="17.605" errors="0">
  <testcase name="testCreateAccount" time="11.831" classname="com.metacube.testautomation.TestWebPage"/>
  <testcase name="testForgotPassword" time="5.774" classname="com.metacube.testautomation.TestWebPage"/>
</testsuite> <!-- com.metacube.testautomation.TestWebPage -->
