<?xml version="1.0" encoding="UTF-8"?>
<!-- Generated by org.testng.reporters.JUnitReportReporter -->
<testsuite skipped="0" hostname="User15-PC" name="hard_assertion.HardAssertions" tests="2" failures="0" timestamp="10 Oct 2017 06:30:45 GMT" time="0.011" errors="0">
  <testcase name="test1" time="0.010" classname="hard_assertion.HardAssertions"/>
  <testcase name="test2" time="0.001" classname="hard_assertion.HardAssertions"/>
</testsuite> <!-- hard_assertion.HardAssertions -->
