<?xml version="1.0" encoding="UTF-8"?>
<!-- Generated by org.testng.reporters.JUnitReportReporter -->
<testsuite skipped="0" hostname="User15-PC" name="sequencing.Sequencing" tests="2" failures="0" timestamp="10 Oct 2017 06:12:23 GMT" time="0.007" errors="0">
  <testcase name="testCase2" time="0.002" classname="sequencing.Sequencing"/>
  <testcase name="testCase1" time="0.005" classname="sequencing.Sequencing"/>
</testsuite> <!-- sequencing.Sequencing -->
